<?xml version="1.0" encoding="UTF-8"?>
<!-- Generated by org.testng.reporters.JUnitReportReporter -->
<testsuite hostname="SD08" failures="0" tests="1" name="yunuso.Maven01.TestLanding" time="1.361" errors="0" timestamp="2021-01-22T11:27:08 CST" skipped="0">
  <testcase classname="yunuso.Maven01.TestLanding" name="testBase" time="1.361"/>
  <system-out/>
</testsuite> <!-- yunuso.Maven01.TestLanding -->
