<?xml version="1.0" encoding="UTF-8"?>
<!-- Generated by org.testng.reporters.JUnitReportReporter -->
<testsuite hostname="SD08" failures="0" tests="1" name="yunuso.Maven01.TestLanding" time="1.127" errors="0" timestamp="2021-01-15T11:36:54 CST" skipped="0">
  <testcase classname="yunuso.Maven01.TestLanding" name="testBase" time="1.127"/>
  <system-out/>
</testsuite> <!-- yunuso.Maven01.TestLanding -->
